<?xml version="1.0" encoding="UTF-8"?>
<testsuite xmlns:xsi="http://www.w3.org/2001/XMLSchema-instance" xsi:noNamespaceSchemaLocation="https://maven.apache.org/surefire/maven-surefire-plugin/xsd/surefire-test-report-3.0.xsd" version="3.0" name="com.wearltnow.controller.OrderControllerTest" time="0.162" tests="4" errors="0" skipped="0" failures="2">
  <properties>
[...]
</properties>
  <testcase name="testViewOrder_notLogin_fail" classname="com.wearltnow.controller.OrderControllerTest" time="0.026">
    <system-out><![CDATA[2025-07-13T00:02:12.359+07:00  INFO 8164 --- [wearItnow-test] [           main] t.c.s.AnnotationConfigContextLoaderUtils : Could not detect default configuration classes for test class [com.wearltnow.controller.OrderControllerTest]: OrderControllerTest does not declare any static, non-private, non-final, nested classes annotated with @Configuration.
2025-07-13T00:02:12.363+07:00  INFO 8164 --- [wearItnow-test] [           main] .b.t.c.SpringBootTestContextBootstrapper : Found @SpringBootConfiguration com.wearltnow.WearItnowApplication for test class com.wearltnow.controller.OrderControllerTest
2025-07-13T00:02:12.385+07:00  INFO 8164 --- [wearItnow-test] [           main] c.w.config.JwtAuthenticationEntryPoint   : Unauthenticated request: Full authentication is required to access this resource
]]></system-out>
  </testcase>
  <testcase name="testViewOrder_validRequest_success" classname="com.wearltnow.controller.OrderControllerTest" time="0.033">
    <failure message="Status expected:&lt;200&gt; but was:&lt;404&gt;" type="java.lang.AssertionError"><![CDATA[java.lang.AssertionError: Status expected:<200> but was:<404>
	at org.springframework.test.util.AssertionErrors.fail(AssertionErrors.java:59)
	at org.springframework.test.util.AssertionErrors.assertEquals(AssertionErrors.java:122)
	at org.springframework.test.web.servlet.result.StatusResultMatchers.lambda$matcher$9(StatusResultMatchers.java:637)
	at org.springframework.test.web.servlet.MockMvc$1.andExpect(MockMvc.java:214)
	at com.wearltnow.controller.OrderControllerTest.testViewOrder_validRequest_success(OrderControllerTest.java:54)
	at java.base/java.lang.reflect.Method.invoke(Method.java:580)
	at java.base/java.util.ArrayList.forEach(ArrayList.java:1597)
	at java.base/java.util.ArrayList.forEach(ArrayList.java:1597)
]]></failure>
    <system-out><![CDATA[2025-07-13T00:02:12.404+07:00 DEBUG 8164 --- [wearItnow-test] [           main] s.w.s.m.m.a.RequestMappingHandlerMapping : Mapped to com.wearltnow.controller.OrderController#findOrderById(Long)
2025-07-13T00:02:12.412+07:00 DEBUG 8164 --- [wearItnow-test] [           main] org.hibernate.SQL                        : select o1_0.order_id,o1_0.created_at,o1_0.created_by,o1_0.deleted,o1_0.discount_amount,o1_0.expected_delivery_time,o1_0.order_amount,o1_0.order_total,o1_0.order_code,p1_0.payment_id,p1_0.amount,p1_0.created_at,p1_0.created_by,p1_0.deleted,p1_0.payment_status,p1_0.payment_time,pt1_0.payment_type_id,pt1_0.created_at,pt1_0.created_by,pt1_0.deleted,pt1_0.name,pt1_0.updated_at,pt1_0.updated_by,p1_0.updated_at,p1_0.updated_by,o1_0.shipping_fee,o1_0.status,o1_0.updated_at,o1_0.updated_by,u1_0.user_id,u1_0.created_at,u1_0.created_by,u1_0.deleted,u1_0.dob,u1_0.email,u1_0.firstname,u1_0.gender,u1_0.lastname,u1_0.password,u1_0.phone,u1_0.updated_at,u1_0.updated_by,ug1_0.id,ug1_0.created_at,ug1_0.created_by,ug1_0.deleted,ug1_0.name,ug1_0.updated_at,ug1_0.updated_by,u1_0.username from orders o1_0 left join payments p1_0 on p1_0.payment_id=o1_0.payment_id left join payment_types pt1_0 on pt1_0.payment_type_id=p1_0.payment_type_id left join users u1_0 on u1_0.user_id=o1_0.user_id left join user_groups ug1_0 on ug1_0.id=u1_0.user_group_id where o1_0.order_id=?
2025-07-13T00:02:12.418+07:00 DEBUG 8164 --- [wearItnow-test] [           main] .m.m.a.ExceptionHandlerExceptionResolver : Using @ExceptionHandler com.wearltnow.exception.GlobalExceptionHandler#handlingAppException(AppException)
2025-07-13T00:02:12.419+07:00 DEBUG 8164 --- [wearItnow-test] [           main] o.s.w.s.m.m.a.HttpEntityMethodProcessor  : Using 'application/json', given [*/*] and supported [application/json, application/*+json]
2025-07-13T00:02:12.419+07:00 DEBUG 8164 --- [wearItnow-test] [           main] o.s.w.s.m.m.a.HttpEntityMethodProcessor  : Writing [ApiResponse(code=1018, message=Order Not Found, result=null, errors=null)]
2025-07-13T00:02:12.420+07:00 DEBUG 8164 --- [wearItnow-test] [           main] .m.m.a.ExceptionHandlerExceptionResolver : Resolved [AppException(errorCode=ORDER_NOTFOUND)]

MockHttpServletRequest:
      HTTP Method = GET
      Request URI = /api/orders/detail/427
       Parameters = {}
          Headers = []
             Body = null
    Session Attrs = {SPRING_SECURITY_CONTEXT=SecurityContextImpl [Authentication=UsernamePasswordAuthenticationToken [Principal=org.springframework.security.core.userdetails.User [Username=admin, Password=[PROTECTED], Enabled=true, AccountNonExpired=true, CredentialsNonExpired=true, AccountNonLocked=true, Granted Authorities=[ROLE_USER]], Credentials=[PROTECTED], Authenticated=true, Details=null, Granted Authorities=[ROLE_USER]]]}

Handler:
             Type = com.wearltnow.controller.OrderController
           Method = com.wearltnow.controller.OrderController#findOrderById(Long)

Async:
    Async started = false
     Async result = null

Resolved Exception:
             Type = com.wearltnow.exception.AppException

ModelAndView:
        View name = null
             View = null
            Model = null

FlashMap:
       Attributes = null

MockHttpServletResponse:
           Status = 404
    Error message = null
          Headers = [Vary:"Origin", "Access-Control-Request-Method", "Access-Control-Request-Headers", Content-Type:"application/json", X-Content-Type-Options:"nosniff", X-XSS-Protection:"0", Cache-Control:"no-cache, no-store, max-age=0, must-revalidate", Pragma:"no-cache", Expires:"0", X-Frame-Options:"DENY"]
     Content type = application/json
             Body = {"code":1018,"message":"Order Not Found"}
    Forwarded URL = null
   Redirected URL = null
          Cookies = []
]]></system-out>
  </testcase>
  <testcase name="testUpdateOrder_validStatus_success" classname="com.wearltnow.controller.OrderControllerTest" time="0.053">
    <failure message="Status expected:&lt;200&gt; but was:&lt;404&gt;" type="java.lang.AssertionError"><![CDATA[java.lang.AssertionError: Status expected:<200> but was:<404>
	at org.springframework.test.util.AssertionErrors.fail(AssertionErrors.java:59)
	at org.springframework.test.util.AssertionErrors.assertEquals(AssertionErrors.java:122)
	at org.springframework.test.web.servlet.result.StatusResultMatchers.lambda$matcher$9(StatusResultMatchers.java:637)
	at org.springframework.test.web.servlet.MockMvc$1.andExpect(MockMvc.java:214)
	at com.wearltnow.controller.OrderControllerTest.testUpdateOrder_validStatus_success(OrderControllerTest.java:67)
	at java.base/java.lang.reflect.Method.invoke(Method.java:580)
	at java.base/java.util.ArrayList.forEach(ArrayList.java:1597)
	at java.base/java.util.ArrayList.forEach(ArrayList.java:1597)
]]></failure>
    <system-out><![CDATA[2025-07-13T00:02:12.447+07:00 DEBUG 8164 --- [wearItnow-test] [           main] s.w.s.m.m.a.RequestMappingHandlerMapping : Mapped to com.wearltnow.controller.OrderController#updateOrderStatus(Long, String)
2025-07-13T00:02:12.471+07:00 DEBUG 8164 --- [wearItnow-test] [           main] org.hibernate.SQL                        : select o1_0.order_id,o1_0.created_at,o1_0.created_by,o1_0.deleted,o1_0.discount_amount,o1_0.expected_delivery_time,o1_0.order_amount,o1_0.order_total,o1_0.order_code,p1_0.payment_id,p1_0.amount,p1_0.created_at,p1_0.created_by,p1_0.deleted,p1_0.payment_status,p1_0.payment_time,pt1_0.payment_type_id,pt1_0.created_at,pt1_0.created_by,pt1_0.deleted,pt1_0.name,pt1_0.updated_at,pt1_0.updated_by,p1_0.updated_at,p1_0.updated_by,o1_0.shipping_fee,o1_0.status,o1_0.updated_at,o1_0.updated_by,u1_0.user_id,u1_0.created_at,u1_0.created_by,u1_0.deleted,u1_0.dob,u1_0.email,u1_0.firstname,u1_0.gender,u1_0.lastname,u1_0.password,u1_0.phone,u1_0.updated_at,u1_0.updated_by,ug1_0.id,ug1_0.created_at,ug1_0.created_by,ug1_0.deleted,ug1_0.name,ug1_0.updated_at,ug1_0.updated_by,u1_0.username from orders o1_0 left join payments p1_0 on p1_0.payment_id=o1_0.payment_id left join payment_types pt1_0 on pt1_0.payment_type_id=p1_0.payment_type_id left join users u1_0 on u1_0.user_id=o1_0.user_id left join user_groups ug1_0 on ug1_0.id=u1_0.user_group_id where o1_0.order_id=?
2025-07-13T00:02:12.475+07:00 DEBUG 8164 --- [wearItnow-test] [           main] .m.m.a.ExceptionHandlerExceptionResolver : Using @ExceptionHandler com.wearltnow.exception.GlobalExceptionHandler#handlingAppException(AppException)
2025-07-13T00:02:12.476+07:00 DEBUG 8164 --- [wearItnow-test] [           main] o.s.w.s.m.m.a.HttpEntityMethodProcessor  : Using 'application/json', given [*/*] and supported [application/json, application/*+json]
2025-07-13T00:02:12.476+07:00 DEBUG 8164 --- [wearItnow-test] [           main] o.s.w.s.m.m.a.HttpEntityMethodProcessor  : Writing [ApiResponse(code=1018, message=Order Not Found, result=null, errors=null)]
2025-07-13T00:02:12.477+07:00 DEBUG 8164 --- [wearItnow-test] [           main] .m.m.a.ExceptionHandlerExceptionResolver : Resolved [AppException(errorCode=ORDER_NOTFOUND)]

MockHttpServletRequest:
      HTTP Method = PUT
      Request URI = /api/orders/426/status
       Parameters = {newStatus=[CONFIRMED]}
          Headers = [Content-Type:"APPLICATION_JSON;charset=UTF-8"]
             Body = null
    Session Attrs = {SPRING_SECURITY_CONTEXT=SecurityContextImpl [Authentication=UsernamePasswordAuthenticationToken [Principal=org.springframework.security.core.userdetails.User [Username=admin, Password=[PROTECTED], Enabled=true, AccountNonExpired=true, CredentialsNonExpired=true, AccountNonLocked=true, Granted Authorities=[ROLE_DIRECTOR]], Credentials=[PROTECTED], Authenticated=true, Details=null, Granted Authorities=[ROLE_DIRECTOR]]]}

Handler:
             Type = com.wearltnow.controller.OrderController
           Method = com.wearltnow.controller.OrderController#updateOrderStatus(Long, String)

Async:
    Async started = false
     Async result = null

Resolved Exception:
             Type = com.wearltnow.exception.AppException

ModelAndView:
        View name = null
             View = null
            Model = null

FlashMap:
       Attributes = null

MockHttpServletResponse:
           Status = 404
    Error message = null
          Headers = [Vary:"Origin", "Access-Control-Request-Method", "Access-Control-Request-Headers", Content-Type:"application/json", X-Content-Type-Options:"nosniff", X-XSS-Protection:"0", Cache-Control:"no-cache, no-store, max-age=0, must-revalidate", Pragma:"no-cache", Expires:"0", X-Frame-Options:"DENY"]
     Content type = application/json
             Body = {"code":1018,"message":"Order Not Found"}
    Forwarded URL = null
   Redirected URL = null
          Cookies = []
]]></system-out>
  </testcase>
  <testcase name="testViewOrder_orderNotFound_fail" classname="com.wearltnow.controller.OrderControllerTest" time="0.031">
    <system-out><![CDATA[2025-07-13T00:02:12.498+07:00 DEBUG 8164 --- [wearItnow-test] [           main] s.w.s.m.m.a.RequestMappingHandlerMapping : Mapped to com.wearltnow.controller.OrderController#findOrderById(Long)
2025-07-13T00:02:12.500+07:00 DEBUG 8164 --- [wearItnow-test] [           main] org.hibernate.SQL                        : select o1_0.order_id,o1_0.created_at,o1_0.created_by,o1_0.deleted,o1_0.discount_amount,o1_0.expected_delivery_time,o1_0.order_amount,o1_0.order_total,o1_0.order_code,p1_0.payment_id,p1_0.amount,p1_0.created_at,p1_0.created_by,p1_0.deleted,p1_0.payment_status,p1_0.payment_time,pt1_0.payment_type_id,pt1_0.created_at,pt1_0.created_by,pt1_0.deleted,pt1_0.name,pt1_0.updated_at,pt1_0.updated_by,p1_0.updated_at,p1_0.updated_by,o1_0.shipping_fee,o1_0.status,o1_0.updated_at,o1_0.updated_by,u1_0.user_id,u1_0.created_at,u1_0.created_by,u1_0.deleted,u1_0.dob,u1_0.email,u1_0.firstname,u1_0.gender,u1_0.lastname,u1_0.password,u1_0.phone,u1_0.updated_at,u1_0.updated_by,ug1_0.id,ug1_0.created_at,ug1_0.created_by,ug1_0.deleted,ug1_0.name,ug1_0.updated_at,ug1_0.updated_by,u1_0.username from orders o1_0 left join payments p1_0 on p1_0.payment_id=o1_0.payment_id left join payment_types pt1_0 on pt1_0.payment_type_id=p1_0.payment_type_id left join users u1_0 on u1_0.user_id=o1_0.user_id left join user_groups ug1_0 on ug1_0.id=u1_0.user_group_id where o1_0.order_id=?
2025-07-13T00:02:12.504+07:00 DEBUG 8164 --- [wearItnow-test] [           main] .m.m.a.ExceptionHandlerExceptionResolver : Using @ExceptionHandler com.wearltnow.exception.GlobalExceptionHandler#handlingAppException(AppException)
2025-07-13T00:02:12.505+07:00 DEBUG 8164 --- [wearItnow-test] [           main] o.s.w.s.m.m.a.HttpEntityMethodProcessor  : Using 'application/json', given [*/*] and supported [application/json, application/*+json]
2025-07-13T00:02:12.505+07:00 DEBUG 8164 --- [wearItnow-test] [           main] o.s.w.s.m.m.a.HttpEntityMethodProcessor  : Writing [ApiResponse(code=1018, message=Order Not Found, result=null, errors=null)]
2025-07-13T00:02:12.506+07:00 DEBUG 8164 --- [wearItnow-test] [           main] .m.m.a.ExceptionHandlerExceptionResolver : Resolved [AppException(errorCode=ORDER_NOTFOUND)]
]]></system-out>
  </testcase>
</testsuite>